mode: set
github.com/PatcharaKL/FeelMe_API/rest/users/users.go:46.42,48.2 1 0
github.com/PatcharaKL/FeelMe_API/rest/users/users.go:54.23,56.16 2 0
github.com/PatcharaKL/FeelMe_API/rest/users/users.go:59.2,59.11 1 0
github.com/PatcharaKL/FeelMe_API/rest/users/users.go:56.16,58.3 1 0
github.com/PatcharaKL/FeelMe_API/rest/users/userlogin.go:25.53,27.16 2 1
github.com/PatcharaKL/FeelMe_API/rest/users/userlogin.go:30.2,30.12 1 1
github.com/PatcharaKL/FeelMe_API/rest/users/userlogin.go:27.16,29.3 1 1
github.com/PatcharaKL/FeelMe_API/rest/users/userlogin.go:32.37,34.25 2 0
github.com/PatcharaKL/FeelMe_API/rest/users/userlogin.go:38.2,38.40 1 0
github.com/PatcharaKL/FeelMe_API/rest/users/userlogin.go:34.25,37.3 2 0
github.com/PatcharaKL/FeelMe_API/rest/users/userlogin.go:40.55,46.16 4 0
github.com/PatcharaKL/FeelMe_API/rest/users/userlogin.go:49.2,49.15 1 0
github.com/PatcharaKL/FeelMe_API/rest/users/userlogin.go:46.16,48.3 1 0
github.com/PatcharaKL/FeelMe_API/rest/users/userlogin.go:51.58,55.16 4 1
github.com/PatcharaKL/FeelMe_API/rest/users/userlogin.go:58.2,65.88 3 1
github.com/PatcharaKL/FeelMe_API/rest/users/userlogin.go:68.2,69.41 2 1
github.com/PatcharaKL/FeelMe_API/rest/users/userlogin.go:72.2,72.65 1 1
github.com/PatcharaKL/FeelMe_API/rest/users/userlogin.go:75.2,76.16 2 0
github.com/PatcharaKL/FeelMe_API/rest/users/userlogin.go:80.2,82.145 3 0
github.com/PatcharaKL/FeelMe_API/rest/users/userlogin.go:85.2,88.4 1 0
github.com/PatcharaKL/FeelMe_API/rest/users/userlogin.go:55.16,57.3 1 1
github.com/PatcharaKL/FeelMe_API/rest/users/userlogin.go:65.88,67.3 1 1
github.com/PatcharaKL/FeelMe_API/rest/users/userlogin.go:69.41,71.3 1 1
github.com/PatcharaKL/FeelMe_API/rest/users/userlogin.go:72.65,74.3 1 1
github.com/PatcharaKL/FeelMe_API/rest/users/userlogin.go:76.16,78.3 1 0
github.com/PatcharaKL/FeelMe_API/rest/users/userlogin.go:82.145,84.3 1 0
github.com/PatcharaKL/FeelMe_API/rest/users/userlogin.go:90.64,92.16 2 1
github.com/PatcharaKL/FeelMe_API/rest/users/userlogin.go:95.2,96.18 2 0
github.com/PatcharaKL/FeelMe_API/rest/users/userlogin.go:104.2,104.33 1 0
github.com/PatcharaKL/FeelMe_API/rest/users/userlogin.go:114.2,114.12 1 0
github.com/PatcharaKL/FeelMe_API/rest/users/userlogin.go:92.16,94.3 1 1
github.com/PatcharaKL/FeelMe_API/rest/users/userlogin.go:96.18,99.17 3 0
github.com/PatcharaKL/FeelMe_API/rest/users/userlogin.go:102.3,102.26 1 0
github.com/PatcharaKL/FeelMe_API/rest/users/userlogin.go:99.17,101.4 1 0
github.com/PatcharaKL/FeelMe_API/rest/users/userlogin.go:104.33,106.17 2 0
github.com/PatcharaKL/FeelMe_API/rest/users/userlogin.go:110.3,110.54 1 0
github.com/PatcharaKL/FeelMe_API/rest/users/userlogin.go:106.17,108.4 1 0
github.com/PatcharaKL/FeelMe_API/rest/users/userlogin.go:110.54,112.4 1 0
