mode: set
github.com/PatcharaKL/FeelMe_API/rest/users/userlogin.go:13.53,15.16 2 1
github.com/PatcharaKL/FeelMe_API/rest/users/userlogin.go:18.2,18.12 1 1
github.com/PatcharaKL/FeelMe_API/rest/users/userlogin.go:15.16,17.3 1 1
github.com/PatcharaKL/FeelMe_API/rest/users/userlogin.go:21.58,25.16 4 1
github.com/PatcharaKL/FeelMe_API/rest/users/userlogin.go:28.2,35.88 3 1
github.com/PatcharaKL/FeelMe_API/rest/users/userlogin.go:38.2,39.41 2 1
github.com/PatcharaKL/FeelMe_API/rest/users/userlogin.go:42.2,42.65 1 1
github.com/PatcharaKL/FeelMe_API/rest/users/userlogin.go:45.2,48.145 4 1
github.com/PatcharaKL/FeelMe_API/rest/users/userlogin.go:51.2,54.4 1 1
github.com/PatcharaKL/FeelMe_API/rest/users/userlogin.go:25.16,27.3 1 1
github.com/PatcharaKL/FeelMe_API/rest/users/userlogin.go:35.88,37.3 1 1
github.com/PatcharaKL/FeelMe_API/rest/users/userlogin.go:39.41,41.3 1 1
github.com/PatcharaKL/FeelMe_API/rest/users/userlogin.go:42.65,44.3 1 1
github.com/PatcharaKL/FeelMe_API/rest/users/userlogin.go:48.145,50.3 1 1
github.com/PatcharaKL/FeelMe_API/rest/users/userlogin.go:56.64,58.16 2 1
github.com/PatcharaKL/FeelMe_API/rest/users/userlogin.go:61.2,62.18 2 1
github.com/PatcharaKL/FeelMe_API/rest/users/userlogin.go:69.2,69.33 1 1
github.com/PatcharaKL/FeelMe_API/rest/users/userlogin.go:79.2,79.12 1 1
github.com/PatcharaKL/FeelMe_API/rest/users/userlogin.go:58.16,60.3 1 1
github.com/PatcharaKL/FeelMe_API/rest/users/userlogin.go:62.18,64.40 2 1
github.com/PatcharaKL/FeelMe_API/rest/users/userlogin.go:67.3,67.26 1 1
github.com/PatcharaKL/FeelMe_API/rest/users/userlogin.go:64.40,66.4 1 0
github.com/PatcharaKL/FeelMe_API/rest/users/userlogin.go:69.33,71.17 2 1
github.com/PatcharaKL/FeelMe_API/rest/users/userlogin.go:75.3,75.54 1 1
github.com/PatcharaKL/FeelMe_API/rest/users/userlogin.go:71.17,73.4 1 0
github.com/PatcharaKL/FeelMe_API/rest/users/userlogin.go:75.54,77.4 1 1
github.com/PatcharaKL/FeelMe_API/rest/users/userlogout.go:10.59,12.39 2 1
github.com/PatcharaKL/FeelMe_API/rest/users/userlogout.go:15.2,16.16 2 1
github.com/PatcharaKL/FeelMe_API/rest/users/userlogout.go:19.2,19.64 1 1
github.com/PatcharaKL/FeelMe_API/rest/users/userlogout.go:22.2,22.36 1 1
github.com/PatcharaKL/FeelMe_API/rest/users/userlogout.go:12.39,14.3 1 1
github.com/PatcharaKL/FeelMe_API/rest/users/userlogout.go:16.16,18.3 1 1
github.com/PatcharaKL/FeelMe_API/rest/users/userlogout.go:19.64,21.3 1 1
github.com/PatcharaKL/FeelMe_API/rest/users/users.go:41.42,43.2 1 1
