mode: set
github.com/PatcharaKL/FeelMe_API/rest/users/userlogin.go:25.53,27.16 2 1
github.com/PatcharaKL/FeelMe_API/rest/users/userlogin.go:30.2,30.12 1 1
github.com/PatcharaKL/FeelMe_API/rest/users/userlogin.go:27.16,29.3 1 1
github.com/PatcharaKL/FeelMe_API/rest/users/userlogin.go:32.37,34.25 2 0
github.com/PatcharaKL/FeelMe_API/rest/users/userlogin.go:38.2,38.40 1 0
github.com/PatcharaKL/FeelMe_API/rest/users/userlogin.go:34.25,37.3 2 0
github.com/PatcharaKL/FeelMe_API/rest/users/userlogin.go:40.55,48.2 4 0
github.com/PatcharaKL/FeelMe_API/rest/users/userlogin.go:49.58,53.16 4 1
github.com/PatcharaKL/FeelMe_API/rest/users/userlogin.go:56.2,63.88 3 1
github.com/PatcharaKL/FeelMe_API/rest/users/userlogin.go:66.2,67.41 2 1
github.com/PatcharaKL/FeelMe_API/rest/users/userlogin.go:70.2,71.17 2 1
github.com/PatcharaKL/FeelMe_API/rest/users/userlogin.go:74.2,75.18 2 0
github.com/PatcharaKL/FeelMe_API/rest/users/userlogin.go:83.2,83.33 1 0
github.com/PatcharaKL/FeelMe_API/rest/users/userlogin.go:93.2,96.145 4 0
github.com/PatcharaKL/FeelMe_API/rest/users/userlogin.go:99.2,102.4 1 0
github.com/PatcharaKL/FeelMe_API/rest/users/userlogin.go:53.16,55.3 1 1
github.com/PatcharaKL/FeelMe_API/rest/users/userlogin.go:63.88,65.3 1 1
github.com/PatcharaKL/FeelMe_API/rest/users/userlogin.go:67.41,69.3 1 1
github.com/PatcharaKL/FeelMe_API/rest/users/userlogin.go:71.17,73.3 1 1
github.com/PatcharaKL/FeelMe_API/rest/users/userlogin.go:75.18,78.17 3 0
github.com/PatcharaKL/FeelMe_API/rest/users/userlogin.go:81.3,81.26 1 0
github.com/PatcharaKL/FeelMe_API/rest/users/userlogin.go:78.17,80.4 1 0
github.com/PatcharaKL/FeelMe_API/rest/users/userlogin.go:83.33,85.17 2 0
github.com/PatcharaKL/FeelMe_API/rest/users/userlogin.go:89.3,89.54 1 0
github.com/PatcharaKL/FeelMe_API/rest/users/userlogin.go:85.17,87.4 1 0
github.com/PatcharaKL/FeelMe_API/rest/users/userlogin.go:89.54,91.4 1 0
github.com/PatcharaKL/FeelMe_API/rest/users/userlogin.go:96.145,98.3 1 0
github.com/PatcharaKL/FeelMe_API/rest/users/users.go:46.42,48.2 1 0
github.com/PatcharaKL/FeelMe_API/rest/users/users.go:54.23,56.16 2 0
github.com/PatcharaKL/FeelMe_API/rest/users/users.go:59.2,59.11 1 0
github.com/PatcharaKL/FeelMe_API/rest/users/users.go:56.16,58.3 1 0
