mode: set
github.com/PatcharaKL/FeelMe_API/rest/tokens/newtoken.go:11.57,14.40 3 1
github.com/PatcharaKL/FeelMe_API/rest/tokens/newtoken.go:17.2,19.89 3 1
github.com/PatcharaKL/FeelMe_API/rest/tokens/newtoken.go:23.2,26.88 2 1
github.com/PatcharaKL/FeelMe_API/rest/tokens/newtoken.go:30.2,33.16 4 1
github.com/PatcharaKL/FeelMe_API/rest/tokens/newtoken.go:36.2,36.62 1 1
github.com/PatcharaKL/FeelMe_API/rest/tokens/newtoken.go:40.2,41.145 2 1
github.com/PatcharaKL/FeelMe_API/rest/tokens/newtoken.go:46.2,49.4 1 1
github.com/PatcharaKL/FeelMe_API/rest/tokens/newtoken.go:14.40,16.3 1 1
github.com/PatcharaKL/FeelMe_API/rest/tokens/newtoken.go:19.89,21.3 1 1
github.com/PatcharaKL/FeelMe_API/rest/tokens/newtoken.go:26.88,28.3 1 1
github.com/PatcharaKL/FeelMe_API/rest/tokens/newtoken.go:33.16,35.3 1 1
github.com/PatcharaKL/FeelMe_API/rest/tokens/newtoken.go:36.62,39.3 1 1
github.com/PatcharaKL/FeelMe_API/rest/tokens/newtoken.go:41.145,44.3 1 1
github.com/PatcharaKL/FeelMe_API/rest/tokens/tokens.go:44.42,46.2 1 1
github.com/PatcharaKL/FeelMe_API/rest/tokens/tokens.go:52.37,54.25 2 1
github.com/PatcharaKL/FeelMe_API/rest/tokens/tokens.go:58.2,58.40 1 1
github.com/PatcharaKL/FeelMe_API/rest/tokens/tokens.go:54.25,57.3 2 1
github.com/PatcharaKL/FeelMe_API/rest/tokens/tokens.go:60.53,68.2 4 1
